<?xml version="1.0" encoding="UTF-8"?>
<!-- Generated by org.testng.reporters.JUnitReportReporter -->
<testsuite hostname="DESKTOP-MFL3A1L" failures="0" tests="1" name="pgmfinal.tests" time="88.742" errors="0" timestamp="2024-10-24T12:04:04 IST" skipped="0">
  <testcase classname="pgmfinal.tests" name="execution" time="88.742"/>
</testsuite> <!-- pgmfinal.tests -->
