<?xml version="1.0" encoding="UTF-8"?>
<!-- Generated by org.testng.reporters.JUnitReportReporter -->
<testsuite hostname="DESKTOP-MFL3A1L" failures="0" tests="1" name="pgmfinal.demo" time="2.315" errors="0" timestamp="2024-10-23T11:24:16 IST" skipped="0">
  <testcase classname="pgmfinal.demo" name="test" time="2.315"/>
</testsuite> <!-- pgmfinal.demo -->
